Arguments: 
  C:\Program Files\nodejs\node.exe C:\Users\AmityxDFMLabxIB4A\AppData\Roaming\npm\node_modules\yarn\bin\yarn.js add @uniswap/v3-periphery

PATH: 
  C:\Windows\system32;C:\Windows;C:\Windows\System32\Wbem;C:\Windows\System32\WindowsPowerShell\v1.0\;C:\Windows\System32\OpenSSH\;C:\ProgramData\chocolatey\bin;C:\Program Files\Git\cmd;C:\Program Files\Docker\Docker\resources\bin;C:\Program Files\nodejs\;C:\Program Files\CMake\bin;C:\Program Files\MySQL\MySQL Shell 8.0\bin\;C:\Users\AmityxDFMLabxIB4A\AppData\Local\Programs\Python\Python38\Scripts\;C:\Users\AmityxDFMLabxIB4A\AppData\Local\Programs\Python\Python38\;C:\Users\AmityxDFMLabxIB4A\AppData\Local\Programs\Python\Python311\Scripts\;C:\Users\AmityxDFMLabxIB4A\AppData\Local\Programs\Python\Python311\;C:\Users\AmityxDFMLabxIB4A\AppData\Local\Microsoft\WindowsApps;C:\Users\AmityxDFMLabxIB4A\AppData\Local\Programs\Microsoft VS Code\bin;C:\Program Files\JetBrains\PyCharm Community Edition 2023.2.5\bin;;C:\Users\AmityxDFMLabxIB4A\AppData\Local\Programs\mongosh\;C:\Users\AmityxDFMLabxIB4A\AppData\Roaming\npm

Yarn version: 
  1.22.19

Node version: 
  21.6.1

Platform: 
  win32 x64

Trace: 
  Error: EPERM: operation not permitted, unlink 'C:\Users\AmityxDFMLabxIB4A\Documents\dev\Arbitrum\node_modules\@nomicfoundation\solidity-analyzer-win32-x64-msvc\solidity-analyzer.win32-x64-msvc.node'

npm manifest: 
  {
    "name": "hardhat-project",
    "dependencies": {
      "@nomicfoundation/hardhat-toolbox": "^4.0.0",
      "@openzeppelin/contracts": "^5.0.1",
      "@uniswap/v2-core": "^1.0.1",
      "@uniswap/v2-periphery": "^1.1.0-beta.0",
      "dotenv": "^16.4.4",
      "fp-ts": "^2.16.2"
    }
  }

yarn manifest: 
  No manifest

Lockfile: 
  No lockfile
